# Logfile created on 2018-01-04 17:41:05 -0800 by logger.rb/56815
I, [2018-01-04T17:41:05.784972 #13579]  INFO -- : Net::HTTP::Get: /
D, [2018-01-04T17:41:05.785414 #13579] DEBUG -- : request-header: accept-encoding => gzip,deflate,identity
D, [2018-01-04T17:41:05.785472 #13579] DEBUG -- : request-header: accept => */*
D, [2018-01-04T17:41:05.785507 #13579] DEBUG -- : request-header: user-agent => Mozilla/5.0 (Macintosh; Intel Mac OS X 10_11_2) AppleWebKit/601.3.9 (KHTML, like Gecko) Version/9.0.2 Safari/601.3.9
D, [2018-01-04T17:41:05.785554 #13579] DEBUG -- : request-header: accept-charset => ISO-8859-1,utf-8;q=0.7,*;q=0.7
D, [2018-01-04T17:41:05.785587 #13579] DEBUG -- : request-header: accept-language => en-us,en;q=0.5
D, [2018-01-04T17:41:05.785619 #13579] DEBUG -- : request-header: host => www.google.com
I, [2018-01-04T17:41:05.988145 #13579]  INFO -- : status: Net::HTTPFound 1.1 302 Found
D, [2018-01-04T17:41:05.988264 #13579] DEBUG -- : response-header: location => https://www.google.com/?gws_rd=ssl
D, [2018-01-04T17:41:05.988301 #13579] DEBUG -- : response-header: cache-control => private
D, [2018-01-04T17:41:05.988335 #13579] DEBUG -- : response-header: content-type => text/html; charset=UTF-8
D, [2018-01-04T17:41:05.988369 #13579] DEBUG -- : response-header: p3p => CP="This is not a P3P policy! See g.co/p3phelp for more info."
D, [2018-01-04T17:41:05.988404 #13579] DEBUG -- : response-header: date => Fri, 05 Jan 2018 01:41:05 GMT
D, [2018-01-04T17:41:05.988437 #13579] DEBUG -- : response-header: server => gws
D, [2018-01-04T17:41:05.988493 #13579] DEBUG -- : response-header: content-length => 231
D, [2018-01-04T17:41:05.988527 #13579] DEBUG -- : response-header: x-xss-protection => 1; mode=block
D, [2018-01-04T17:41:05.988560 #13579] DEBUG -- : response-header: x-frame-options => SAMEORIGIN
D, [2018-01-04T17:41:05.988594 #13579] DEBUG -- : response-header: set-cookie => 1P_JAR=2018-01-05-01; expires=Sun, 04-Feb-2018 01:41:05 GMT; path=/; domain=.google.com, NID=120=JhVZM3ZmtjI-QkVWy3Y5CbnD9fwXvFDdLx7RFl9Jle4I2cmMYDjMdAYkBDML8S4v0iDWyxSx1lu0wntCKDmXpl-inrKaaSinIvytm2yGNj_ggUquZFcS93kEY1lAslCZ; expires=Sat, 07-Jul-2018 01:41:05 GMT; path=/; domain=.google.com; HttpOnly
D, [2018-01-04T17:41:05.988736 #13579] DEBUG -- : Read 231 bytes (231 total)
D, [2018-01-04T17:41:05.996292 #13579] DEBUG -- : saved cookie: 1P_JAR=2018-01-05-01
D, [2018-01-04T17:41:05.996687 #13579] DEBUG -- : saved cookie: NID=120=JhVZM3ZmtjI-QkVWy3Y5CbnD9fwXvFDdLx7RFl9Jle4I2cmMYDjMdAYkBDML8S4v0iDWyxSx1lu0wntCKDmXpl-inrKaaSinIvytm2yGNj_ggUquZFcS93kEY1lAslCZ
I, [2018-01-04T17:41:05.996782 #13579]  INFO -- : follow redirect to: https://www.google.com/?gws_rd=ssl
I, [2018-01-04T17:41:05.997555 #13579]  INFO -- : Net::HTTP::Get: /?gws_rd=ssl
D, [2018-01-04T17:41:05.997708 #13579] DEBUG -- : request-header: accept-encoding => gzip,deflate,identity
D, [2018-01-04T17:41:05.997812 #13579] DEBUG -- : request-header: accept => */*
D, [2018-01-04T17:41:05.997842 #13579] DEBUG -- : request-header: user-agent => Mozilla/5.0 (Macintosh; Intel Mac OS X 10_11_2) AppleWebKit/601.3.9 (KHTML, like Gecko) Version/9.0.2 Safari/601.3.9
D, [2018-01-04T17:41:05.997872 #13579] DEBUG -- : request-header: accept-charset => ISO-8859-1,utf-8;q=0.7,*;q=0.7
D, [2018-01-04T17:41:05.997901 #13579] DEBUG -- : request-header: accept-language => en-us,en;q=0.5
D, [2018-01-04T17:41:05.997931 #13579] DEBUG -- : request-header: cookie => 1P_JAR=2018-01-05-01; NID=120=JhVZM3ZmtjI-QkVWy3Y5CbnD9fwXvFDdLx7RFl9Jle4I2cmMYDjMdAYkBDML8S4v0iDWyxSx1lu0wntCKDmXpl-inrKaaSinIvytm2yGNj_ggUquZFcS93kEY1lAslCZ
D, [2018-01-04T17:41:05.997959 #13579] DEBUG -- : request-header: host => www.google.com
I, [2018-01-04T17:41:06.279497 #13579]  INFO -- : status: Net::HTTPOK 1.1 200 OK
D, [2018-01-04T17:41:06.279696 #13579] DEBUG -- : response-header: date => Fri, 05 Jan 2018 01:41:06 GMT
D, [2018-01-04T17:41:06.279728 #13579] DEBUG -- : response-header: expires => -1
D, [2018-01-04T17:41:06.279763 #13579] DEBUG -- : response-header: cache-control => private, max-age=0
D, [2018-01-04T17:41:06.279931 #13579] DEBUG -- : response-header: content-type => text/html; charset=UTF-8
D, [2018-01-04T17:41:06.280020 #13579] DEBUG -- : response-header: strict-transport-security => max-age=86400
D, [2018-01-04T17:41:06.280189 #13579] DEBUG -- : response-header: p3p => CP="This is not a P3P policy! See g.co/p3phelp for more info."
D, [2018-01-04T17:41:06.280223 #13579] DEBUG -- : response-header: content-encoding => gzip
D, [2018-01-04T17:41:06.280253 #13579] DEBUG -- : response-header: server => gws
D, [2018-01-04T17:41:06.280283 #13579] DEBUG -- : response-header: x-xss-protection => 1; mode=block
D, [2018-01-04T17:41:06.280311 #13579] DEBUG -- : response-header: x-frame-options => SAMEORIGIN
D, [2018-01-04T17:41:06.280342 #13579] DEBUG -- : response-header: set-cookie => 1P_JAR=2018-01-05-01; expires=Sun, 04-Feb-2018 01:41:06 GMT; path=/; domain=.google.com, NID=120=DjBj78ooK-IthAezDrUtFh-HHecV82-yRPcmnemFMwvJ1tCR2S069Q0O97ycpwqf4qn4M5nuiEzyt_k3hzug5TnKIImqvVw81WceVdRY2Bqx1QJTfA37_ARpcRrpQGM_; expires=Sat, 07-Jul-2018 01:41:06 GMT; path=/; domain=.google.com; HttpOnly
D, [2018-01-04T17:41:06.280374 #13579] DEBUG -- : response-header: alt-svc => hq=":443"; ma=2592000; quic=51303431; quic=51303339; quic=51303338; quic=51303337; quic=51303335,quic=":443"; ma=2592000; v="41,39,38,37,35"
D, [2018-01-04T17:41:06.280403 #13579] DEBUG -- : response-header: transfer-encoding => chunked
D, [2018-01-04T17:41:06.280539 #13579] DEBUG -- : Read 1 bytes (1 total)
D, [2018-01-04T17:41:06.280676 #13579] DEBUG -- : Read 1 bytes (2 total)
D, [2018-01-04T17:41:06.280727 #13579] DEBUG -- : Read 1 bytes (3 total)
D, [2018-01-04T17:41:06.280801 #13579] DEBUG -- : Read 1 bytes (4 total)
D, [2018-01-04T17:41:06.280874 #13579] DEBUG -- : Read 1 bytes (5 total)
D, [2018-01-04T17:41:06.280918 #13579] DEBUG -- : Read 1 bytes (6 total)
D, [2018-01-04T17:41:06.281073 #13579] DEBUG -- : Read 1 bytes (7 total)
D, [2018-01-04T17:41:06.281147 #13579] DEBUG -- : Read 1 bytes (8 total)
D, [2018-01-04T17:41:06.281191 #13579] DEBUG -- : Read 1 bytes (9 total)
D, [2018-01-04T17:41:06.281232 #13579] DEBUG -- : Read 1 bytes (10 total)
D, [2018-01-04T17:41:06.281274 #13579] DEBUG -- : Read 1 bytes (11 total)
D, [2018-01-04T17:41:06.281346 #13579] DEBUG -- : Read 1 bytes (12 total)
D, [2018-01-04T17:41:06.281446 #13579] DEBUG -- : Read 1 bytes (13 total)
D, [2018-01-04T17:41:06.281488 #13579] DEBUG -- : Read 1 bytes (14 total)
D, [2018-01-04T17:41:06.281530 #13579] DEBUG -- : Read 1 bytes (15 total)
D, [2018-01-04T17:41:06.281621 #13579] DEBUG -- : Read 1 bytes (16 total)
D, [2018-01-04T17:41:06.281663 #13579] DEBUG -- : Read 1 bytes (17 total)
D, [2018-01-04T17:41:06.281704 #13579] DEBUG -- : Read 1 bytes (18 total)
D, [2018-01-04T17:41:06.281747 #13579] DEBUG -- : Read 1 bytes (19 total)
D, [2018-01-04T17:41:06.281789 #13579] DEBUG -- : Read 1 bytes (20 total)
D, [2018-01-04T17:41:06.281892 #13579] DEBUG -- : Read 57 bytes (77 total)
D, [2018-01-04T17:41:06.285903 #13579] DEBUG -- : Read 1187 bytes (1264 total)
D, [2018-01-04T17:41:06.286089 #13579] DEBUG -- : Read 1187 bytes (2451 total)
D, [2018-01-04T17:41:06.286224 #13579] DEBUG -- : Read 1187 bytes (3638 total)
D, [2018-01-04T17:41:06.286291 #13579] DEBUG -- : Read 1187 bytes (4825 total)
D, [2018-01-04T17:41:06.286352 #13579] DEBUG -- : Read 1187 bytes (6012 total)
D, [2018-01-04T17:41:06.286449 #13579] DEBUG -- : Read 1187 bytes (7199 total)
D, [2018-01-04T17:41:06.286513 #13579] DEBUG -- : Read 1187 bytes (8386 total)
D, [2018-01-04T17:41:06.286623 #13579] DEBUG -- : Read 976 bytes (9362 total)
D, [2018-01-04T17:41:06.286705 #13579] DEBUG -- : Read 1 bytes (9363 total)
D, [2018-01-04T17:41:06.288010 #13579] DEBUG -- : Read 30 bytes (9393 total)
D, [2018-01-04T17:41:06.288186 #13579] DEBUG -- : Read 1 bytes (9394 total)
D, [2018-01-04T17:41:06.288234 #13579] DEBUG -- : Read 1 bytes (9395 total)
D, [2018-01-04T17:41:06.288278 #13579] DEBUG -- : Read 1 bytes (9396 total)
D, [2018-01-04T17:41:06.288322 #13579] DEBUG -- : Read 1 bytes (9397 total)
D, [2018-01-04T17:41:06.288430 #13579] DEBUG -- : Read 1 bytes (9398 total)
D, [2018-01-04T17:41:06.288471 #13579] DEBUG -- : Read 1 bytes (9399 total)
D, [2018-01-04T17:41:06.288618 #13579] DEBUG -- : Read 1108 bytes (10507 total)
D, [2018-01-04T17:41:06.288690 #13579] DEBUG -- : Read 1187 bytes (11694 total)
D, [2018-01-04T17:41:06.288773 #13579] DEBUG -- : Read 1187 bytes (12881 total)
D, [2018-01-04T17:41:06.288879 #13579] DEBUG -- : Read 1187 bytes (14068 total)
D, [2018-01-04T17:41:06.316071 #13579] DEBUG -- : Read 1187 bytes (15255 total)
D, [2018-01-04T17:41:06.318910 #13579] DEBUG -- : Read 1187 bytes (16442 total)
D, [2018-01-04T17:41:06.319003 #13579] DEBUG -- : Read 1187 bytes (17629 total)
D, [2018-01-04T17:41:06.319481 #13579] DEBUG -- : Read 1187 bytes (18816 total)
D, [2018-01-04T17:41:06.319567 #13579] DEBUG -- : Read 1187 bytes (20003 total)
D, [2018-01-04T17:41:06.319635 #13579] DEBUG -- : Read 1187 bytes (21190 total)
D, [2018-01-04T17:41:06.319731 #13579] DEBUG -- : Read 1187 bytes (22377 total)
D, [2018-01-04T17:41:06.319800 #13579] DEBUG -- : Read 1187 bytes (23564 total)
D, [2018-01-04T17:41:06.319939 #13579] DEBUG -- : Read 1187 bytes (24751 total)
D, [2018-01-04T17:41:06.320021 #13579] DEBUG -- : Read 983 bytes (25734 total)
D, [2018-01-04T17:41:06.320100 #13579] DEBUG -- : Read 1 bytes (25735 total)
D, [2018-01-04T17:41:06.320152 #13579] DEBUG -- : Read 1 bytes (25736 total)
D, [2018-01-04T17:41:06.320269 #13579] DEBUG -- : Read 1 bytes (25737 total)
D, [2018-01-04T17:41:06.320314 #13579] DEBUG -- : Read 1 bytes (25738 total)
D, [2018-01-04T17:41:06.320374 #13579] DEBUG -- : Read 1 bytes (25739 total)
D, [2018-01-04T17:41:06.320429 #13579] DEBUG -- : Read 1 bytes (25740 total)
D, [2018-01-04T17:41:06.320472 #13579] DEBUG -- : Read 1 bytes (25741 total)
D, [2018-01-04T17:41:06.320521 #13579] DEBUG -- : Read 1 bytes (25742 total)
D, [2018-01-04T17:41:06.320603 #13579] DEBUG -- : Read 1 bytes (25743 total)
D, [2018-01-04T17:41:06.320647 #13579] DEBUG -- : Read 1064 bytes (26807 total)
D, [2018-01-04T17:41:06.320705 #13579] DEBUG -- : Read 1187 bytes (27994 total)
D, [2018-01-04T17:41:06.320772 #13579] DEBUG -- : Read 1187 bytes (29181 total)
D, [2018-01-04T17:41:06.320843 #13579] DEBUG -- : Read 1187 bytes (30368 total)
D, [2018-01-04T17:41:06.320901 #13579] DEBUG -- : Read 1187 bytes (31555 total)
D, [2018-01-04T17:41:06.321002 #13579] DEBUG -- : Read 1187 bytes (32742 total)
D, [2018-01-04T17:41:06.321101 #13579] DEBUG -- : Read 1187 bytes (33929 total)
D, [2018-01-04T17:41:06.322262 #13579] DEBUG -- : Read 1187 bytes (35116 total)
D, [2018-01-04T17:41:06.324371 #13579] DEBUG -- : Read 1187 bytes (36303 total)
D, [2018-01-04T17:41:06.324926 #13579] DEBUG -- : Read 1187 bytes (37490 total)
D, [2018-01-04T17:41:06.325024 #13579] DEBUG -- : Read 1187 bytes (38677 total)
D, [2018-01-04T17:41:06.325084 #13579] DEBUG -- : Read 1187 bytes (39864 total)
D, [2018-01-04T17:41:06.326099 #13579] DEBUG -- : Read 1187 bytes (41051 total)
D, [2018-01-04T17:41:06.326285 #13579] DEBUG -- : Read 1061 bytes (42112 total)
D, [2018-01-04T17:41:06.328305 #13579] DEBUG -- : Read 1 bytes (42113 total)
D, [2018-01-04T17:41:06.328356 #13579] DEBUG -- : Read 1 bytes (42114 total)
D, [2018-01-04T17:41:06.328401 #13579] DEBUG -- : Read 1 bytes (42115 total)
D, [2018-01-04T17:41:06.328776 #13579] DEBUG -- : Read 1 bytes (42116 total)
D, [2018-01-04T17:41:06.328882 #13579] DEBUG -- : Read 1 bytes (42117 total)
D, [2018-01-04T17:41:06.328927 #13579] DEBUG -- : Read 1 bytes (42118 total)
D, [2018-01-04T17:41:06.328978 #13579] DEBUG -- : Read 1 bytes (42119 total)
D, [2018-01-04T17:41:06.329022 #13579] DEBUG -- : Read 1 bytes (42120 total)
D, [2018-01-04T17:41:06.329066 #13579] DEBUG -- : Read 1 bytes (42121 total)
D, [2018-01-04T17:41:06.329174 #13579] DEBUG -- : Read 1 bytes (42122 total)
D, [2018-01-04T17:41:06.329217 #13579] DEBUG -- : Read 1 bytes (42123 total)
D, [2018-01-04T17:41:06.329260 #13579] DEBUG -- : Read 1 bytes (42124 total)
D, [2018-01-04T17:41:06.330049 #13579] DEBUG -- : Read 1 bytes (42125 total)
D, [2018-01-04T17:41:06.330170 #13579] DEBUG -- : Read 1010 bytes (43135 total)
D, [2018-01-04T17:41:06.330264 #13579] DEBUG -- : Read 1187 bytes (44322 total)
D, [2018-01-04T17:41:06.331735 #13579] DEBUG -- : Read 1187 bytes (45509 total)
D, [2018-01-04T17:41:06.331900 #13579] DEBUG -- : Read 1187 bytes (46696 total)
D, [2018-01-04T17:41:06.353936 #13579] DEBUG -- : Read 1187 bytes (47883 total)
D, [2018-01-04T17:41:06.354092 #13579] DEBUG -- : Read 1187 bytes (49070 total)
D, [2018-01-04T17:41:06.354338 #13579] DEBUG -- : Read 1187 bytes (50257 total)
D, [2018-01-04T17:41:06.354450 #13579] DEBUG -- : Read 1187 bytes (51444 total)
D, [2018-01-04T17:41:06.355090 #13579] DEBUG -- : Read 1187 bytes (52631 total)
D, [2018-01-04T17:41:06.355161 #13579] DEBUG -- : Read 1187 bytes (53818 total)
D, [2018-01-04T17:41:06.355558 #13579] DEBUG -- : Read 1187 bytes (55005 total)
D, [2018-01-04T17:41:06.356148 #13579] DEBUG -- : Read 1187 bytes (56192 total)
D, [2018-01-04T17:41:06.361660 #13579] DEBUG -- : Read 1187 bytes (57379 total)
D, [2018-01-04T17:41:06.361974 #13579] DEBUG -- : Read 1006 bytes (58385 total)
D, [2018-01-04T17:41:06.362169 #13579] DEBUG -- : Read 1 bytes (58386 total)
D, [2018-01-04T17:41:06.362365 #13579] DEBUG -- : Read 116 bytes (58502 total)
D, [2018-01-04T17:41:06.362509 #13579] DEBUG -- : Read 1 bytes (58503 total)
D, [2018-01-04T17:41:06.362629 #13579] DEBUG -- : Read 1 bytes (58504 total)
D, [2018-01-04T17:41:06.362693 #13579] DEBUG -- : Read 1 bytes (58505 total)
D, [2018-01-04T17:41:06.362737 #13579] DEBUG -- : Read 1 bytes (58506 total)
D, [2018-01-04T17:41:06.362780 #13579] DEBUG -- : Read 1 bytes (58507 total)
D, [2018-01-04T17:41:06.362833 #13579] DEBUG -- : Read 1 bytes (58508 total)
D, [2018-01-04T17:41:06.362934 #13579] DEBUG -- : Read 1 bytes (58509 total)
D, [2018-01-04T17:41:06.362978 #13579] DEBUG -- : Read 1 bytes (58510 total)
D, [2018-01-04T17:41:06.363392 #13579] DEBUG -- : Read 1 bytes (58511 total)
D, [2018-01-04T17:41:06.363444 #13579] DEBUG -- : Read 1 bytes (58512 total)
D, [2018-01-04T17:41:06.363490 #13579] DEBUG -- : Read 1 bytes (58513 total)
D, [2018-01-04T17:41:06.363586 #13579] DEBUG -- : Read 1 bytes (58514 total)
D, [2018-01-04T17:41:06.363630 #13579] DEBUG -- : Read 1 bytes (58515 total)
D, [2018-01-04T17:41:06.363683 #13579] DEBUG -- : Read 1015 bytes (59530 total)
D, [2018-01-04T17:41:06.363755 #13579] DEBUG -- : Read 1187 bytes (60717 total)
D, [2018-01-04T17:41:06.363838 #13579] DEBUG -- : Read 1187 bytes (61904 total)
D, [2018-01-04T17:41:06.363902 #13579] DEBUG -- : Read 1187 bytes (63091 total)
D, [2018-01-04T17:41:06.363959 #13579] DEBUG -- : Read 1187 bytes (64278 total)
D, [2018-01-04T17:41:06.364039 #13579] DEBUG -- : Read 525 bytes (64803 total)
D, [2018-01-04T17:41:06.364299 #13579] DEBUG -- : gzip response
D, [2018-01-04T17:41:06.393144 #13579] DEBUG -- : saved cookie: 1P_JAR=2018-01-05-01
D, [2018-01-04T17:41:06.393555 #13579] DEBUG -- : saved cookie: NID=120=DjBj78ooK-IthAezDrUtFh-HHecV82-yRPcmnemFMwvJ1tCR2S069Q0O97ycpwqf4qn4M5nuiEzyt_k3hzug5TnKIImqvVw81WceVdRY2Bqx1QJTfA37_ARpcRrpQGM_
I, [2018-01-04T17:41:06.428625 #13579]  INFO -- : form encoding: UTF-8
I, [2018-01-04T17:41:06.434202 #13579]  INFO -- : Net::HTTP::Get: /search?source=hp&ei=stdOWsu6DIPq_Abw6LDgAg&q=Hello
D, [2018-01-04T17:41:06.434349 #13579] DEBUG -- : request-header: accept-encoding => gzip,deflate,identity
D, [2018-01-04T17:41:06.434381 #13579] DEBUG -- : request-header: accept => */*
D, [2018-01-04T17:41:06.434412 #13579] DEBUG -- : request-header: user-agent => Mozilla/5.0 (Macintosh; Intel Mac OS X 10_11_2) AppleWebKit/601.3.9 (KHTML, like Gecko) Version/9.0.2 Safari/601.3.9
D, [2018-01-04T17:41:06.434443 #13579] DEBUG -- : request-header: accept-charset => ISO-8859-1,utf-8;q=0.7,*;q=0.7
D, [2018-01-04T17:41:06.434472 #13579] DEBUG -- : request-header: accept-language => en-us,en;q=0.5
D, [2018-01-04T17:41:06.434501 #13579] DEBUG -- : request-header: cookie => 1P_JAR=2018-01-05-01; NID=120=DjBj78ooK-IthAezDrUtFh-HHecV82-yRPcmnemFMwvJ1tCR2S069Q0O97ycpwqf4qn4M5nuiEzyt_k3hzug5TnKIImqvVw81WceVdRY2Bqx1QJTfA37_ARpcRrpQGM_
D, [2018-01-04T17:41:06.434531 #13579] DEBUG -- : request-header: host => www.google.com
D, [2018-01-04T17:41:06.434617 #13579] DEBUG -- : request-header: referer => https://www.google.com/?gws_rd=ssl
I, [2018-01-04T17:41:06.540303 #13579]  INFO -- : status: Net::HTTPOK 1.1 200 OK
D, [2018-01-04T17:41:06.540488 #13579] DEBUG -- : response-header: content-type => text/html; charset=UTF-8
D, [2018-01-04T17:41:06.540522 #13579] DEBUG -- : response-header: date => Fri, 05 Jan 2018 01:41:06 GMT
D, [2018-01-04T17:41:06.540551 #13579] DEBUG -- : response-header: expires => -1
D, [2018-01-04T17:41:06.540579 #13579] DEBUG -- : response-header: cache-control => private, max-age=0
D, [2018-01-04T17:41:06.540608 #13579] DEBUG -- : response-header: strict-transport-security => max-age=86400
D, [2018-01-04T17:41:06.540636 #13579] DEBUG -- : response-header: content-encoding => gzip
D, [2018-01-04T17:41:06.540664 #13579] DEBUG -- : response-header: server => gws
D, [2018-01-04T17:41:06.540693 #13579] DEBUG -- : response-header: x-xss-protection => 1; mode=block
D, [2018-01-04T17:41:06.541010 #13579] DEBUG -- : response-header: x-frame-options => SAMEORIGIN
D, [2018-01-04T17:41:06.541106 #13579] DEBUG -- : response-header: set-cookie => 1P_JAR=2018-01-05-01; expires=Sun, 04-Feb-2018 01:41:06 GMT; path=/; domain=.google.com
D, [2018-01-04T17:41:06.541138 #13579] DEBUG -- : response-header: alt-svc => hq=":443"; ma=2592000; quic=51303431; quic=51303339; quic=51303338; quic=51303337; quic=51303335,quic=":443"; ma=2592000; v="41,39,38,37,35"
D, [2018-01-04T17:41:06.541168 #13579] DEBUG -- : response-header: transfer-encoding => chunked
D, [2018-01-04T17:41:06.541338 #13579] DEBUG -- : Read 1 bytes (1 total)
D, [2018-01-04T17:41:06.541393 #13579] DEBUG -- : Read 1 bytes (2 total)
D, [2018-01-04T17:41:06.541441 #13579] DEBUG -- : Read 1 bytes (3 total)
D, [2018-01-04T17:41:06.541494 #13579] DEBUG -- : Read 1 bytes (4 total)
D, [2018-01-04T17:41:06.541600 #13579] DEBUG -- : Read 1 bytes (5 total)
D, [2018-01-04T17:41:06.541645 #13579] DEBUG -- : Read 1 bytes (6 total)
D, [2018-01-04T17:41:06.541707 #13579] DEBUG -- : Read 1 bytes (7 total)
D, [2018-01-04T17:41:06.541752 #13579] DEBUG -- : Read 1 bytes (8 total)
D, [2018-01-04T17:41:06.541837 #13579] DEBUG -- : Read 1 bytes (9 total)
D, [2018-01-04T17:41:06.541880 #13579] DEBUG -- : Read 1 bytes (10 total)
D, [2018-01-04T17:41:06.541932 #13579] DEBUG -- : Read 484 bytes (494 total)
D, [2018-01-04T17:41:06.542004 #13579] DEBUG -- : Read 1187 bytes (1681 total)
D, [2018-01-04T17:41:06.542059 #13579] DEBUG -- : Read 1187 bytes (2868 total)
D, [2018-01-04T17:41:06.542128 #13579] DEBUG -- : Read 1187 bytes (4055 total)
D, [2018-01-04T17:41:06.543365 #13579] DEBUG -- : Read 1187 bytes (5242 total)
D, [2018-01-04T17:41:06.543469 #13579] DEBUG -- : Read 1187 bytes (6429 total)
D, [2018-01-04T17:41:06.543564 #13579] DEBUG -- : Read 1187 bytes (7616 total)
D, [2018-01-04T17:41:06.543674 #13579] DEBUG -- : Read 1187 bytes (8803 total)
D, [2018-01-04T17:41:06.543735 #13579] DEBUG -- : Read 1108 bytes (9911 total)
D, [2018-01-04T17:41:06.543871 #13579] DEBUG -- : Read 1 bytes (9912 total)
D, [2018-01-04T17:41:06.543928 #13579] DEBUG -- : Read 1 bytes (9913 total)
D, [2018-01-04T17:41:06.543971 #13579] DEBUG -- : Read 1 bytes (9914 total)
D, [2018-01-04T17:41:06.544013 #13579] DEBUG -- : Read 1 bytes (9915 total)
D, [2018-01-04T17:41:06.544269 #13579] DEBUG -- : Read 1 bytes (9916 total)
D, [2018-01-04T17:41:06.544318 #13579] DEBUG -- : Read 1 bytes (9917 total)
D, [2018-01-04T17:41:06.544361 #13579] DEBUG -- : Read 1 bytes (9918 total)
D, [2018-01-04T17:41:06.544404 #13579] DEBUG -- : Read 1 bytes (9919 total)
D, [2018-01-04T17:41:06.544496 #13579] DEBUG -- : Read 1 bytes (9920 total)
D, [2018-01-04T17:41:06.544658 #13579] DEBUG -- : Read 1 bytes (9921 total)
D, [2018-01-04T17:41:06.544767 #13579] DEBUG -- : Read 1 bytes (9922 total)
D, [2018-01-04T17:41:06.544814 #13579] DEBUG -- : Read 1 bytes (9923 total)
D, [2018-01-04T17:41:06.544859 #13579] DEBUG -- : Read 1 bytes (9924 total)
D, [2018-01-04T17:41:06.544903 #13579] DEBUG -- : Read 1 bytes (9925 total)
D, [2018-01-04T17:41:06.544983 #13579] DEBUG -- : Read 1 bytes (9926 total)
D, [2018-01-04T17:41:06.545112 #13579] DEBUG -- : Read 1 bytes (9927 total)
D, [2018-01-04T17:41:06.545163 #13579] DEBUG -- : Read 1 bytes (9928 total)
D, [2018-01-04T17:41:06.545265 #13579] DEBUG -- : Read 1 bytes (9929 total)
D, [2018-01-04T17:41:06.545331 #13579] DEBUG -- : Read 1 bytes (9930 total)
D, [2018-01-04T17:41:06.545434 #13579] DEBUG -- : Read 932 bytes (10862 total)
D, [2018-01-04T17:41:06.545500 #13579] DEBUG -- : Read 1187 bytes (12049 total)
D, [2018-01-04T17:41:06.545561 #13579] DEBUG -- : Read 1187 bytes (13236 total)
D, [2018-01-04T17:41:06.548029 #13579] DEBUG -- : Read 1187 bytes (14423 total)
D, [2018-01-04T17:41:06.548319 #13579] DEBUG -- : Read 1187 bytes (15610 total)
D, [2018-01-04T17:41:06.548454 #13579] DEBUG -- : Read 1187 bytes (16797 total)
D, [2018-01-04T17:41:06.548518 #13579] DEBUG -- : Read 1187 bytes (17984 total)
D, [2018-01-04T17:41:06.548582 #13579] DEBUG -- : Read 1187 bytes (19171 total)
D, [2018-01-04T17:41:06.548728 #13579] DEBUG -- : Read 1187 bytes (20358 total)
D, [2018-01-04T17:41:06.548830 #13579] DEBUG -- : Read 1187 bytes (21545 total)
D, [2018-01-04T17:41:06.548889 #13579] DEBUG -- : Read 1187 bytes (22732 total)
D, [2018-01-04T17:41:06.548943 #13579] DEBUG -- : Read 1187 bytes (23919 total)
D, [2018-01-04T17:41:06.549049 #13579] DEBUG -- : Read 1187 bytes (25106 total)
D, [2018-01-04T17:41:06.549153 #13579] DEBUG -- : Read 970 bytes (26076 total)
D, [2018-01-04T17:41:06.549241 #13579] DEBUG -- : Read 1 bytes (26077 total)
D, [2018-01-04T17:41:06.549288 #13579] DEBUG -- : Read 1 bytes (26078 total)
D, [2018-01-04T17:41:06.549332 #13579] DEBUG -- : Read 1 bytes (26079 total)
D, [2018-01-04T17:41:06.549451 #13579] DEBUG -- : Read 1 bytes (26080 total)
D, [2018-01-04T17:41:06.549495 #13579] DEBUG -- : Read 1 bytes (26081 total)
D, [2018-01-04T17:41:06.549538 #13579] DEBUG -- : Read 1 bytes (26082 total)
D, [2018-01-04T17:41:06.549580 #13579] DEBUG -- : Read 1 bytes (26083 total)
D, [2018-01-04T17:41:06.549626 #13579] DEBUG -- : Read 1087 bytes (27170 total)
D, [2018-01-04T17:41:06.549704 #13579] DEBUG -- : Read 1187 bytes (28357 total)
D, [2018-01-04T17:41:06.549832 #13579] DEBUG -- : Read 526 bytes (28883 total)
D, [2018-01-04T17:41:07.171190 #13579] DEBUG -- : Read 1 bytes (28884 total)
D, [2018-01-04T17:41:07.171538 #13579] DEBUG -- : Read 1165 bytes (30049 total)
D, [2018-01-04T17:41:07.171726 #13579] DEBUG -- : Read 1187 bytes (31236 total)
D, [2018-01-04T17:41:07.171835 #13579] DEBUG -- : Read 1187 bytes (32423 total)
D, [2018-01-04T17:41:07.172005 #13579] DEBUG -- : Read 1187 bytes (33610 total)
D, [2018-01-04T17:41:07.172132 #13579] DEBUG -- : Read 1187 bytes (34797 total)
D, [2018-01-04T17:41:07.172302 #13579] DEBUG -- : Read 1187 bytes (35984 total)
D, [2018-01-04T17:41:07.172371 #13579] DEBUG -- : Read 1187 bytes (37171 total)
D, [2018-01-04T17:41:07.172432 #13579] DEBUG -- : Read 1187 bytes (38358 total)
D, [2018-01-04T17:41:07.172592 #13579] DEBUG -- : Read 1187 bytes (39545 total)
D, [2018-01-04T17:41:07.172656 #13579] DEBUG -- : Read 1187 bytes (40732 total)
D, [2018-01-04T17:41:07.172717 #13579] DEBUG -- : Read 1187 bytes (41919 total)
D, [2018-01-04T17:41:07.172876 #13579] DEBUG -- : Read 1187 bytes (43106 total)
D, [2018-01-04T17:41:07.173003 #13579] DEBUG -- : Read 1187 bytes (44293 total)
D, [2018-01-04T17:41:07.173165 #13579] DEBUG -- : Read 290 bytes (44583 total)
D, [2018-01-04T17:41:07.173426 #13579] DEBUG -- : Read 1 bytes (44584 total)
D, [2018-01-04T17:41:07.173473 #13579] DEBUG -- : Read 1 bytes (44585 total)
D, [2018-01-04T17:41:07.173517 #13579] DEBUG -- : Read 1 bytes (44586 total)
D, [2018-01-04T17:41:07.173643 #13579] DEBUG -- : Read 1 bytes (44587 total)
D, [2018-01-04T17:41:07.173705 #13579] DEBUG -- : Read 1125 bytes (45712 total)
D, [2018-01-04T17:41:07.173771 #13579] DEBUG -- : Read 1187 bytes (46899 total)
D, [2018-01-04T17:41:07.173938 #13579] DEBUG -- : Read 1187 bytes (48086 total)
D, [2018-01-04T17:41:07.174128 #13579] DEBUG -- : Read 1187 bytes (49273 total)
D, [2018-01-04T17:41:07.174292 #13579] DEBUG -- : Read 1187 bytes (50460 total)
D, [2018-01-04T17:41:07.174346 #13579] DEBUG -- : Read 1187 bytes (51647 total)
D, [2018-01-04T17:41:07.174434 #13579] DEBUG -- : Read 1187 bytes (52834 total)
D, [2018-01-04T17:41:07.174855 #13579] DEBUG -- : Read 258 bytes (53092 total)
D, [2018-01-04T17:41:07.174935 #13579] DEBUG -- : Read 1 bytes (53093 total)
D, [2018-01-04T17:41:07.174988 #13579] DEBUG -- : Read 1 bytes (53094 total)
D, [2018-01-04T17:41:07.175125 #13579] DEBUG -- : Read 1 bytes (53095 total)
D, [2018-01-04T17:41:07.175177 #13579] DEBUG -- : Read 1 bytes (53096 total)
D, [2018-01-04T17:41:07.175228 #13579] DEBUG -- : Read 1130 bytes (54226 total)
D, [2018-01-04T17:41:07.175333 #13579] DEBUG -- : Read 1187 bytes (55413 total)
D, [2018-01-04T17:41:07.175392 #13579] DEBUG -- : Read 1187 bytes (56600 total)
D, [2018-01-04T17:41:07.175453 #13579] DEBUG -- : Read 1187 bytes (57787 total)
D, [2018-01-04T17:41:07.175535 #13579] DEBUG -- : Read 331 bytes (58118 total)
D, [2018-01-04T17:41:07.175692 #13579] DEBUG -- : Read 1 bytes (58119 total)
D, [2018-01-04T17:41:07.175742 #13579] DEBUG -- : Read 1 bytes (58120 total)
D, [2018-01-04T17:41:07.175791 #13579] DEBUG -- : Read 1159 bytes (59279 total)
D, [2018-01-04T17:41:07.175854 #13579] DEBUG -- : Read 1187 bytes (60466 total)
D, [2018-01-04T17:41:07.175967 #13579] DEBUG -- : Read 1187 bytes (61653 total)
D, [2018-01-04T17:41:07.176043 #13579] DEBUG -- : Read 1187 bytes (62840 total)
D, [2018-01-04T17:41:07.177702 #13579] DEBUG -- : Read 1187 bytes (64027 total)
D, [2018-01-04T17:41:07.177808 #13579] DEBUG -- : Read 1187 bytes (65214 total)
D, [2018-01-04T17:41:07.177879 #13579] DEBUG -- : Read 1187 bytes (66401 total)
D, [2018-01-04T17:41:07.177942 #13579] DEBUG -- : Read 1187 bytes (67588 total)
D, [2018-01-04T17:41:07.178443 #13579] DEBUG -- : Read 1187 bytes (68775 total)
D, [2018-01-04T17:41:07.178523 #13579] DEBUG -- : Read 1187 bytes (69962 total)
D, [2018-01-04T17:41:07.178593 #13579] DEBUG -- : Read 1187 bytes (71149 total)
D, [2018-01-04T17:41:07.179231 #13579] DEBUG -- : Read 1187 bytes (72336 total)
D, [2018-01-04T17:41:07.179358 #13579] DEBUG -- : Read 1187 bytes (73523 total)
D, [2018-01-04T17:41:07.181188 #13579] DEBUG -- : Read 772 bytes (74295 total)
D, [2018-01-04T17:41:07.181315 #13579] DEBUG -- : Read 1 bytes (74296 total)
D, [2018-01-04T17:41:07.181417 #13579] DEBUG -- : Read 1 bytes (74297 total)
D, [2018-01-04T17:41:07.181469 #13579] DEBUG -- : Read 1 bytes (74298 total)
D, [2018-01-04T17:41:07.181514 #13579] DEBUG -- : Read 1 bytes (74299 total)
D, [2018-01-04T17:41:07.181617 #13579] DEBUG -- : Read 1 bytes (74300 total)
D, [2018-01-04T17:41:07.181712 #13579] DEBUG -- : Read 1 bytes (74301 total)
D, [2018-01-04T17:41:07.181829 #13579] DEBUG -- : Read 1 bytes (74302 total)
D, [2018-01-04T17:41:07.181882 #13579] DEBUG -- : Read 1 bytes (74303 total)
D, [2018-01-04T17:41:07.181938 #13579] DEBUG -- : Read 1081 bytes (75384 total)
D, [2018-01-04T17:41:07.182005 #13579] DEBUG -- : Read 1187 bytes (76571 total)
D, [2018-01-04T17:41:07.182130 #13579] DEBUG -- : Read 1187 bytes (77758 total)
D, [2018-01-04T17:41:07.182268 #13579] DEBUG -- : Read 1187 bytes (78945 total)
D, [2018-01-04T17:41:07.182330 #13579] DEBUG -- : Read 1187 bytes (80132 total)
D, [2018-01-04T17:41:07.184183 #13579] DEBUG -- : Read 1187 bytes (81319 total)
D, [2018-01-04T17:41:07.185608 #13579] DEBUG -- : Read 1187 bytes (82506 total)
D, [2018-01-04T17:41:07.186027 #13579] DEBUG -- : Read 1187 bytes (83693 total)
D, [2018-01-04T17:41:07.186101 #13579] DEBUG -- : Read 1187 bytes (84880 total)
D, [2018-01-04T17:41:07.186627 #13579] DEBUG -- : Read 1187 bytes (86067 total)
D, [2018-01-04T17:41:07.187250 #13579] DEBUG -- : Read 1187 bytes (87254 total)
D, [2018-01-04T17:41:07.187379 #13579] DEBUG -- : Read 1187 bytes (88441 total)
D, [2018-01-04T17:41:07.187449 #13579] DEBUG -- : Read 1187 bytes (89628 total)
D, [2018-01-04T17:41:07.187930 #13579] DEBUG -- : Read 1051 bytes (90679 total)
D, [2018-01-04T17:41:07.188535 #13579] DEBUG -- : Read 1 bytes (90680 total)
D, [2018-01-04T17:41:07.188613 #13579] DEBUG -- : Read 1 bytes (90681 total)
D, [2018-01-04T17:41:07.188664 #13579] DEBUG -- : Read 1 bytes (90682 total)
D, [2018-01-04T17:41:07.188750 #13579] DEBUG -- : Read 1 bytes (90683 total)
D, [2018-01-04T17:41:07.188793 #13579] DEBUG -- : Read 1 bytes (90684 total)
D, [2018-01-04T17:41:07.188836 #13579] DEBUG -- : Read 1 bytes (90685 total)
D, [2018-01-04T17:41:07.188883 #13579] DEBUG -- : Read 1 bytes (90686 total)
D, [2018-01-04T17:41:07.188974 #13579] DEBUG -- : Read 1 bytes (90687 total)
D, [2018-01-04T17:41:07.189017 #13579] DEBUG -- : Read 1 bytes (90688 total)
D, [2018-01-04T17:41:07.189065 #13579] DEBUG -- : Read 1 bytes (90689 total)
D, [2018-01-04T17:41:07.189112 #13579] DEBUG -- : Read 1 bytes (90690 total)
D, [2018-01-04T17:41:07.189157 #13579] DEBUG -- : Read 1 bytes (90691 total)
D, [2018-01-04T17:41:07.189288 #13579] DEBUG -- : Read 1 bytes (90692 total)
D, [2018-01-04T17:41:07.189331 #13579] DEBUG -- : Read 1 bytes (90693 total)
D, [2018-01-04T17:41:07.189380 #13579] DEBUG -- : Read 1 bytes (90694 total)
D, [2018-01-04T17:41:07.189422 #13579] DEBUG -- : Read 1 bytes (90695 total)
D, [2018-01-04T17:41:07.189471 #13579] DEBUG -- : Read 979 bytes (91674 total)
D, [2018-01-04T17:41:07.189540 #13579] DEBUG -- : Read 1187 bytes (92861 total)
D, [2018-01-04T17:41:07.189659 #13579] DEBUG -- : Read 1187 bytes (94048 total)
D, [2018-01-04T17:41:07.190394 #13579] DEBUG -- : Read 1187 bytes (95235 total)
D, [2018-01-04T17:41:07.190896 #13579] DEBUG -- : Read 1187 bytes (96422 total)
D, [2018-01-04T17:41:07.193056 #13579] DEBUG -- : Read 1187 bytes (97609 total)
D, [2018-01-04T17:41:07.193255 #13579] DEBUG -- : Read 1187 bytes (98796 total)
D, [2018-01-04T17:41:07.201334 #13579] DEBUG -- : Read 1187 bytes (99983 total)
D, [2018-01-04T17:41:07.202539 #13579] DEBUG -- : Read 1187 bytes (101170 total)
D, [2018-01-04T17:41:07.203373 #13579] DEBUG -- : Read 1187 bytes (102357 total)
D, [2018-01-04T17:41:07.203472 #13579] DEBUG -- : Read 1187 bytes (103544 total)
D, [2018-01-04T17:41:07.203551 #13579] DEBUG -- : Read 1187 bytes (104731 total)
D, [2018-01-04T17:41:07.203613 #13579] DEBUG -- : Read 1187 bytes (105918 total)
D, [2018-01-04T17:41:07.203679 #13579] DEBUG -- : Read 1187 bytes (107105 total)
D, [2018-01-04T17:41:07.203828 #13579] DEBUG -- : Read 1187 bytes (108292 total)
D, [2018-01-04T17:41:07.204421 #13579] DEBUG -- : Read 1187 bytes (109479 total)
D, [2018-01-04T17:41:07.205245 #13579] DEBUG -- : Read 1187 bytes (110666 total)
D, [2018-01-04T17:41:07.205473 #13579] DEBUG -- : Read 1187 bytes (111853 total)
D, [2018-01-04T17:41:07.205952 #13579] DEBUG -- : Read 1187 bytes (113040 total)
D, [2018-01-04T17:41:07.207438 #13579] DEBUG -- : Read 1187 bytes (114227 total)
D, [2018-01-04T17:41:07.207614 #13579] DEBUG -- : Read 1187 bytes (115414 total)
D, [2018-01-04T17:41:07.208589 #13579] DEBUG -- : Read 1187 bytes (116601 total)
D, [2018-01-04T17:41:07.209227 #13579] DEBUG -- : Read 1187 bytes (117788 total)
D, [2018-01-04T17:41:07.209301 #13579] DEBUG -- : Read 1187 bytes (118975 total)
D, [2018-01-04T17:41:07.210298 #13579] DEBUG -- : Read 1187 bytes (120162 total)
D, [2018-01-04T17:41:07.211063 #13579] DEBUG -- : Read 1187 bytes (121349 total)
D, [2018-01-04T17:41:07.211642 #13579] DEBUG -- : Read 1187 bytes (122536 total)
D, [2018-01-04T17:41:07.213627 #13579] DEBUG -- : Read 905 bytes (123441 total)
D, [2018-01-04T17:41:07.213728 #13579] DEBUG -- : Read 6 bytes (123447 total)
D, [2018-01-04T17:41:07.214041 #13579] DEBUG -- : Read 1 bytes (123448 total)
D, [2018-01-04T17:41:07.214093 #13579] DEBUG -- : Read 1 bytes (123449 total)
D, [2018-01-04T17:41:07.214138 #13579] DEBUG -- : Read 1 bytes (123450 total)
D, [2018-01-04T17:41:07.214237 #13579] DEBUG -- : Read 1 bytes (123451 total)
D, [2018-01-04T17:41:07.214363 #13579] DEBUG -- : Read 1125 bytes (124576 total)
D, [2018-01-04T17:41:07.214475 #13579] DEBUG -- : Read 1187 bytes (125763 total)
D, [2018-01-04T17:41:07.214639 #13579] DEBUG -- : Read 1187 bytes (126950 total)
D, [2018-01-04T17:41:07.214935 #13579] DEBUG -- : Read 1187 bytes (128137 total)
D, [2018-01-04T17:41:07.216764 #13579] DEBUG -- : Read 1187 bytes (129324 total)
D, [2018-01-04T17:41:07.216989 #13579] DEBUG -- : Read 1187 bytes (130511 total)
D, [2018-01-04T17:41:07.217062 #13579] DEBUG -- : Read 1187 bytes (131698 total)
D, [2018-01-04T17:41:07.217473 #13579] DEBUG -- : Read 1187 bytes (132885 total)
D, [2018-01-04T17:41:07.218216 #13579] DEBUG -- : Read 1187 bytes (134072 total)
D, [2018-01-04T17:41:07.218319 #13579] DEBUG -- : Read 1187 bytes (135259 total)
D, [2018-01-04T17:41:07.218462 #13579] DEBUG -- : Read 1187 bytes (136446 total)
D, [2018-01-04T17:41:07.218917 #13579] DEBUG -- : Read 1187 bytes (137633 total)
D, [2018-01-04T17:41:07.219456 #13579] DEBUG -- : Read 1187 bytes (138820 total)
D, [2018-01-04T17:41:07.221487 #13579] DEBUG -- : Read 1187 bytes (140007 total)
D, [2018-01-04T17:41:07.221589 #13579] DEBUG -- : Read 1187 bytes (141194 total)
D, [2018-01-04T17:41:07.224955 #13579] DEBUG -- : Read 1187 bytes (142381 total)
D, [2018-01-04T17:41:07.225118 #13579] DEBUG -- : Read 1187 bytes (143568 total)
D, [2018-01-04T17:41:07.225374 #13579] DEBUG -- : Read 1187 bytes (144755 total)
D, [2018-01-04T17:41:07.225460 #13579] DEBUG -- : Read 1187 bytes (145942 total)
D, [2018-01-04T17:41:07.225559 #13579] DEBUG -- : Read 1187 bytes (147129 total)
D, [2018-01-04T17:41:07.225718 #13579] DEBUG -- : Read 1187 bytes (148316 total)
D, [2018-01-04T17:41:07.225806 #13579] DEBUG -- : Read 1187 bytes (149503 total)
D, [2018-01-04T17:41:07.225895 #13579] DEBUG -- : Read 1187 bytes (150690 total)
D, [2018-01-04T17:41:07.226422 #13579] DEBUG -- : Read 1187 bytes (151877 total)
D, [2018-01-04T17:41:07.230952 #13579] DEBUG -- : Read 1187 bytes (153064 total)
D, [2018-01-04T17:41:07.231192 #13579] DEBUG -- : Read 1187 bytes (154251 total)
D, [2018-01-04T17:41:07.231259 #13579] DEBUG -- : Read 1187 bytes (155438 total)
D, [2018-01-04T17:41:07.231352 #13579] DEBUG -- : Read 771 bytes (156209 total)
D, [2018-01-04T17:41:07.231462 #13579] DEBUG -- : Read 1 bytes (156210 total)
D, [2018-01-04T17:41:07.231599 #13579] DEBUG -- : Read 1 bytes (156211 total)
D, [2018-01-04T17:41:07.231651 #13579] DEBUG -- : Read 1 bytes (156212 total)
D, [2018-01-04T17:41:07.231809 #13579] DEBUG -- : Read 1 bytes (156213 total)
D, [2018-01-04T17:41:07.231925 #13579] DEBUG -- : Read 1 bytes (156214 total)
D, [2018-01-04T17:41:07.231981 #13579] DEBUG -- : Read 1 bytes (156215 total)
D, [2018-01-04T17:41:07.232029 #13579] DEBUG -- : Read 1 bytes (156216 total)
D, [2018-01-04T17:41:07.232082 #13579] DEBUG -- : Read 1 bytes (156217 total)
D, [2018-01-04T17:41:07.232254 #13579] DEBUG -- : Read 1 bytes (156218 total)
D, [2018-01-04T17:41:07.232303 #13579] DEBUG -- : Read 1 bytes (156219 total)
D, [2018-01-04T17:41:07.232357 #13579] DEBUG -- : Read 1 bytes (156220 total)
D, [2018-01-04T17:41:07.232409 #13579] DEBUG -- : Read 1 bytes (156221 total)
D, [2018-01-04T17:41:07.232454 #13579] DEBUG -- : Read 1 bytes (156222 total)
D, [2018-01-04T17:41:07.232551 #13579] DEBUG -- : Read 1 bytes (156223 total)
D, [2018-01-04T17:41:07.233472 #13579] DEBUG -- : Read 1 bytes (156224 total)
D, [2018-01-04T17:41:07.233524 #13579] DEBUG -- : Read 988 bytes (157212 total)
D, [2018-01-04T17:41:07.233612 #13579] DEBUG -- : Read 1187 bytes (158399 total)
D, [2018-01-04T17:41:07.233724 #13579] DEBUG -- : Read 1187 bytes (159586 total)
D, [2018-01-04T17:41:07.233827 #13579] DEBUG -- : Read 1187 bytes (160773 total)
D, [2018-01-04T17:41:07.233893 #13579] DEBUG -- : Read 1187 bytes (161960 total)
D, [2018-01-04T17:41:07.233954 #13579] DEBUG -- : Read 1187 bytes (163147 total)
D, [2018-01-04T17:41:07.234045 #13579] DEBUG -- : Read 1187 bytes (164334 total)
D, [2018-01-04T17:41:07.234116 #13579] DEBUG -- : Read 1187 bytes (165521 total)
D, [2018-01-04T17:41:07.235094 #13579] DEBUG -- : Read 1187 bytes (166708 total)
D, [2018-01-04T17:41:07.235236 #13579] DEBUG -- : Read 1187 bytes (167895 total)
D, [2018-01-04T17:41:07.235301 #13579] DEBUG -- : Read 1187 bytes (169082 total)
D, [2018-01-04T17:41:07.235385 #13579] DEBUG -- : Read 1187 bytes (170269 total)
D, [2018-01-04T17:41:07.235516 #13579] DEBUG -- : Read 1187 bytes (171456 total)
D, [2018-01-04T17:41:07.235581 #13579] DEBUG -- : Read 1187 bytes (172643 total)
D, [2018-01-04T17:41:07.236420 #13579] DEBUG -- : Read 1187 bytes (173830 total)
D, [2018-01-04T17:41:07.236911 #13579] DEBUG -- : Read 1187 bytes (175017 total)
D, [2018-01-04T17:41:07.237585 #13579] DEBUG -- : Read 1187 bytes (176204 total)
D, [2018-01-04T17:41:07.240937 #13579] DEBUG -- : Read 1187 bytes (177391 total)
D, [2018-01-04T17:41:07.241112 #13579] DEBUG -- : Read 1187 bytes (178578 total)
D, [2018-01-04T17:41:07.241200 #13579] DEBUG -- : Read 1187 bytes (179765 total)
D, [2018-01-04T17:41:07.241291 #13579] DEBUG -- : Read 1187 bytes (180952 total)
D, [2018-01-04T17:41:07.241360 #13579] DEBUG -- : Read 1187 bytes (182139 total)
D, [2018-01-04T17:41:07.241854 #13579] DEBUG -- : Read 1187 bytes (183326 total)
D, [2018-01-04T17:41:07.241994 #13579] DEBUG -- : Read 1187 bytes (184513 total)
D, [2018-01-04T17:41:07.242502 #13579] DEBUG -- : Read 1187 bytes (185700 total)
D, [2018-01-04T17:41:07.243579 #13579] DEBUG -- : Read 1187 bytes (186887 total)
D, [2018-01-04T17:41:07.244133 #13579] DEBUG -- : Read 1187 bytes (188074 total)
D, [2018-01-04T17:41:07.244212 #13579] DEBUG -- : Read 895 bytes (188969 total)
D, [2018-01-04T17:41:07.246327 #13579] DEBUG -- : Read 1 bytes (188970 total)
D, [2018-01-04T17:41:07.246379 #13579] DEBUG -- : Read 1 bytes (188971 total)
D, [2018-01-04T17:41:07.246522 #13579] DEBUG -- : Read 1 bytes (188972 total)
D, [2018-01-04T17:41:07.246576 #13579] DEBUG -- : Read 1 bytes (188973 total)
D, [2018-01-04T17:41:07.246621 #13579] DEBUG -- : Read 1 bytes (188974 total)
D, [2018-01-04T17:41:07.246691 #13579] DEBUG -- : Read 1117 bytes (190091 total)
D, [2018-01-04T17:41:07.246762 #13579] DEBUG -- : Read 1187 bytes (191278 total)
D, [2018-01-04T17:41:07.246937 #13579] DEBUG -- : Read 1187 bytes (192465 total)
D, [2018-01-04T17:41:07.247060 #13579] DEBUG -- : Read 1187 bytes (193652 total)
D, [2018-01-04T17:41:07.247137 #13579] DEBUG -- : Read 1187 bytes (194839 total)
D, [2018-01-04T17:41:07.247204 #13579] DEBUG -- : Read 1187 bytes (196026 total)
D, [2018-01-04T17:41:07.248538 #13579] DEBUG -- : Read 1187 bytes (197213 total)
D, [2018-01-04T17:41:07.248898 #13579] DEBUG -- : Read 1187 bytes (198400 total)
D, [2018-01-04T17:41:07.249242 #13579] DEBUG -- : Read 1187 bytes (199587 total)
D, [2018-01-04T17:41:07.249346 #13579] DEBUG -- : Read 1187 bytes (200774 total)
D, [2018-01-04T17:41:07.256981 #13579] DEBUG -- : Read 1187 bytes (201961 total)
D, [2018-01-04T17:41:07.257166 #13579] DEBUG -- : Read 1187 bytes (203148 total)
D, [2018-01-04T17:41:07.257674 #13579] DEBUG -- : Read 1187 bytes (204335 total)
D, [2018-01-04T17:41:07.257750 #13579] DEBUG -- : Read 1187 bytes (205522 total)
D, [2018-01-04T17:41:07.257822 #13579] DEBUG -- : Read 1187 bytes (206709 total)
D, [2018-01-04T17:41:07.257953 #13579] DEBUG -- : Read 1187 bytes (207896 total)
D, [2018-01-04T17:41:07.258249 #13579] DEBUG -- : Read 1187 bytes (209083 total)
D, [2018-01-04T17:41:07.259463 #13579] DEBUG -- : Read 1187 bytes (210270 total)
D, [2018-01-04T17:41:07.259562 #13579] DEBUG -- : Read 1187 bytes (211457 total)
D, [2018-01-04T17:41:07.259670 #13579] DEBUG -- : Read 1187 bytes (212644 total)
D, [2018-01-04T17:41:07.259740 #13579] DEBUG -- : Read 1187 bytes (213831 total)
D, [2018-01-04T17:41:07.259828 #13579] DEBUG -- : Read 1187 bytes (215018 total)
D, [2018-01-04T17:41:07.259894 #13579] DEBUG -- : Read 1187 bytes (216205 total)
D, [2018-01-04T17:41:07.260005 #13579] DEBUG -- : Read 1187 bytes (217392 total)
D, [2018-01-04T17:41:07.260745 #13579] DEBUG -- : Read 349 bytes (217741 total)
D, [2018-01-04T17:41:07.260958 #13579] DEBUG -- : gzip response
D, [2018-01-04T17:41:07.310166 #13579] DEBUG -- : saved cookie: 1P_JAR=2018-01-05-01
